Flutter crash report.
Please report a bug at https://github.com/flutter/flutter/issues.

## command

flutter run --machine --start-paused -d MRJNXSOJRGVKYTSW --devtools-server-address http://127.0.0.1:9100/ --target C:\Users\Admin\doctori-app\lib\main.dart

## exception

FileSystemException: FileSystemException: Failed to decode data using encoding 'utf-8', path = 'C:\Users\Admin\AppData\Roaming\.dart-tool\dart-flutter-telemetry.log'

```
#0      _File._tryDecode (dart:io/file_impl.dart:615:7)
#1      _File.readAsStringSync (dart:io/file_impl.dart:624:7)
#2      _File.readAsLinesSync (dart:io/file_impl.dart:630:36)
#3      ForwardingFile.readAsLinesSync (package:file/src/forwarding/forwarding_file.dart:107:16)
#4      LogHandler.save (package:unified_analytics/src/log_handler.dart:285:27)
#5      AnalyticsImpl.send (package:unified_analytics/src/analytics.dart:622:17)
#6      FlutterCommand._sendPostUsage (package:flutter_tools/src/runner/flutter_command.dart:1613:15)
#7      FlutterCommand.run.<anonymous closure> (package:flutter_tools/src/runner/flutter_command.dart:1399:13)
<asynchronous suspension>
#8      AppContext.run.<anonymous closure> (package:flutter_tools/src/base/context.dart:153:19)
<asynchronous suspension>
#9      CommandRunner.runCommand (package:args/command_runner.dart:212:13)
<asynchronous suspension>
#10     FlutterCommandRunner.runCommand.<anonymous closure> (package:flutter_tools/src/runner/flutter_command_runner.dart:372:9)
<asynchronous suspension>
#11     AppContext.run.<anonymous closure> (package:flutter_tools/src/base/context.dart:153:19)
<asynchronous suspension>
#12     FlutterCommandRunner.runCommand (package:flutter_tools/src/runner/flutter_command_runner.dart:308:5)
<asynchronous suspension>
#13     run.<anonymous closure>.<anonymous closure> (package:flutter_tools/runner.dart:130:9)
<asynchronous suspension>
#14     AppContext.run.<anonymous closure> (package:flutter_tools/src/base/context.dart:153:19)
<asynchronous suspension>
#15     main (package:flutter_tools/executable.dart:93:3)
<asynchronous suspension>
```

## flutter doctor

```
encountered exception: FileSystemException: Failed to decode data using encoding 'utf-8', path = 'C:\Users\Admin\AppData\Roaming\.dart-tool\dart-flutter-telemetry.log'

#0      _File._tryDecode (dart:io/file_impl.dart:615:7)
#1      _File.readAsStringSync (dart:io/file_impl.dart:624:7)
#2      _File.readAsLinesSync (dart:io/file_impl.dart:630:36)
#3      ForwardingFile.readAsLinesSync (package:file/src/forwarding/forwarding_file.dart:107:16)
#4      LogHandler.save (package:unified_analytics/src/log_handler.dart:285:27)
#5      AnalyticsImpl.send (package:unified_analytics/src/analytics.dart:622:17)
#6      Doctor.diagnose (package:flutter_tools/src/doctor.dart:448:22)
<asynchronous suspension>
#7      DoctorText._runDiagnosis (package:flutter_tools/src/doctor.dart:798:7)
<asynchronous suspension>
#8      _createLocalCrashReport (package:flutter_tools/runner.dart:273:26)
<asynchronous suspension>
#9      _handleToolError (package:flutter_tools/runner.dart:235:25)
<asynchronous suspension>
#10     run.<anonymous closure>.<anonymous closure> (package:flutter_tools/runner.dart:153:7)
<asynchronous suspension>
```
